SF:lib/models/user/user.freezed.dart
DA:10,1
DA:11,1
DA:12,1
DA:17,6
DA:20,0
DA:24,0
DA:32,0
DA:33,0
DA:66,1
DA:72,0
DA:78,0
DA:79,0
DA:80,0
DA:81,0
DA:100,1
DA:101,3
DA:103,1
DA:104,1
DA:106,1
DA:112,3
DA:113,3
DA:114,3
DA:115,1
DA:124,3
DA:128,0
DA:129,3
DA:131,1
DA:132,1
DA:144,0
DA:146,0
DA:149,2
DA:152,2
DA:153,4
DA:154,3
DA:155,4
DA:157,3
DA:158,4
DA:159,3
DA:162,0
DA:164,0
DA:165,0
DA:166,0
DA:167,0
DA:169,1
DA:172,1
DA:174,1
DA:176,1
DA:181,6
LF:48
LH:31
end_of_record
SF:lib/models/user/user.dart
DA:11,3
DA:20,2
DA:22,1
DA:23,2
DA:26,1
DA:27,4
DA:30,1
DA:31,4
DA:34,1
DA:35,2
DA:38,1
DA:39,1
DA:41,1
DA:43,1
DA:48,0
DA:49,0
DA:51,0
DA:53,0
LF:18
LH:14
end_of_record
SF:lib/models/user/user.g.dart
DA:9,1
DA:10,1
DA:11,1
DA:12,1
DA:13,1
DA:17,2
DA:18,1
DA:19,1
DA:20,1
LF:9
LH:9
end_of_record
SF:lib/models/http/request.dart
DA:10,2
DA:12,0
DA:14,0
DA:15,0
DA:22,2
DA:27,2
DA:33,0
DA:35,0
DA:37,0
DA:38,0
DA:39,0
DA:40,0
DA:42,2
DA:45,2
DA:46,6
DA:47,6
DA:48,6
DA:49,6
DA:50,6
LF:19
LH:10
end_of_record
SF:lib/models/post/post.freezed.dart
DA:10,0
DA:11,1
DA:12,1
DA:17,6
DA:20,0
DA:25,0
DA:34,0
DA:35,0
DA:72,0
DA:78,0
DA:85,0
DA:86,0
DA:87,0
DA:88,0
DA:89,0
DA:109,0
DA:110,0
DA:112,0
DA:113,0
DA:115,0
DA:122,0
DA:123,0
DA:124,0
DA:125,0
DA:126,0
DA:135,2
DA:140,2
DA:142,1
DA:143,1
DA:158,0
DA:160,0
DA:163,2
DA:166,1
DA:167,2
DA:168,0
DA:169,2
DA:170,0
DA:171,2
DA:172,3
DA:173,2
DA:174,3
DA:177,0
DA:179,0
DA:180,0
DA:181,0
DA:182,0
DA:183,0
DA:185,0
DA:188,0
DA:190,0
DA:192,0
DA:197,4
LF:52
LH:16
end_of_record
SF:lib/models/post/post.dart
DA:10,2
DA:20,2
LF:2
LH:2
end_of_record
SF:lib/models/post/post.g.dart
DA:9,1
DA:10,1
DA:11,1
DA:12,1
DA:13,1
DA:14,1
DA:18,0
DA:19,0
DA:20,0
DA:21,0
DA:22,0
LF:11
LH:6
end_of_record
SF:lib/services/http/http.dart
DA:14,0
DA:17,0
DA:19,0
DA:20,0
DA:22,0
DA:32,0
DA:34,0
DA:35,0
DA:37,0
DA:38,0
LF:10
LH:0
end_of_record
SF:lib/services/storage/post_storage.dart
DA:17,0
DA:22,0
DA:23,0
DA:24,0
DA:25,0
DA:31,0
DA:32,0
DA:33,0
DA:35,0
DA:36,0
DA:37,0
DA:38,0
DA:47,0
DA:49,0
DA:52,0
LF:15
LH:0
end_of_record
SF:lib/services/storage/simple.dart
DA:12,1
DA:15,1
DA:16,3
DA:21,1
DA:22,3
LF:5
LH:5
end_of_record
SF:lib/exceptions/exception.dart
DA:4,4
DA:6,0
DA:8,0
LF:3
LH:1
end_of_record
SF:lib/extensions/response_extension.dart
DA:4,10
LF:1
LH:1
end_of_record
SF:lib/models/http/response.dart
DA:7,4
DA:8,4
DA:12,4
DA:15,4
DA:19,2
DA:20,2
DA:22,2
DA:24,4
DA:29,2
DA:30,2
DA:32,2
DA:35,4
DA:37,4
DA:39,0
DA:41,0
LF:15
LH:13
end_of_record
SF:lib/services/auth/auth.dart
DA:31,1
DA:34,1
DA:36,1
DA:40,3
DA:41,2
DA:43,1
DA:44,1
DA:47,1
DA:48,2
DA:50,1
DA:53,1
DA:54,2
DA:55,1
DA:56,1
DA:57,2
DA:58,1
DA:60,2
DA:61,1
DA:66,1
DA:67,3
DA:68,2
DA:72,1
DA:73,3
DA:76,1
DA:77,1
LF:25
LH:25
end_of_record
SF:lib/states/auth/auth.dart
DA:10,1
DA:17,2
DA:19,1
DA:20,1
DA:21,1
DA:24,1
DA:25,3
DA:27,1
DA:31,3
DA:32,1
DA:33,2
DA:36,2
DA:37,3
DA:40,1
DA:41,1
DA:42,1
DA:44,2
DA:45,1
DA:48,3
DA:49,1
LF:20
LH:20
end_of_record
SF:lib/services/post/post.dart
DA:33,1
DA:36,1
DA:38,1
DA:42,3
DA:43,2
DA:45,1
DA:46,1
DA:49,1
DA:50,4
DA:52,1
DA:55,1
DA:56,2
DA:57,1
DA:58,1
DA:59,2
DA:60,1
DA:62,2
DA:63,1
DA:68,1
DA:69,3
DA:73,1
DA:74,3
LF:22
LH:22
end_of_record
SF:lib/models/post/combined.dart
DA:8,1
LF:1
LH:1
end_of_record
SF:lib/states/post/post.dart
DA:14,1
DA:22,1
DA:23,3
DA:25,3
DA:31,1
DA:35,1
DA:37,1
DA:38,2
DA:39,1
DA:42,3
DA:45,2
DA:46,1
DA:50,1
DA:51,1
DA:54,3
DA:55,1
DA:56,2
DA:59,1
DA:61,1
DA:66,1
DA:67,1
DA:68,1
LF:22
LH:22
end_of_record
